<?xml version="1.0" encoding="UTF-8"?>
<testsuite xmlns:xsi="http://www.w3.org/2001/XMLSchema-instance" xsi:noNamespaceSchemaLocation="https://maven.apache.org/surefire/maven-surefire-plugin/xsd/surefire-test-report-3.0.xsd" version="3.0" name="io.mailchk.exceptions.ExceptionTest" time="0.105" tests="7" errors="0" skipped="0" failures="0">
  <properties>
[...]
</properties>
  <testcase name="testValidationException" classname="io.mailchk.exceptions.ExceptionTest" time="0.054"/>
  <testcase name="testToString" classname="io.mailchk.exceptions.ExceptionTest" time="0.003"/>
  <testcase name="testInheritanceChain" classname="io.mailchk.exceptions.ExceptionTest" time="0.002"/>
  <testcase name="testAuthenticationException" classname="io.mailchk.exceptions.ExceptionTest" time="0.001"/>
  <testcase name="testRateLimitException" classname="io.mailchk.exceptions.ExceptionTest" time="0.001"/>
  <testcase name="testApiException" classname="io.mailchk.exceptions.ExceptionTest" time="0.003"/>
  <testcase name="testMailchkException" classname="io.mailchk.exceptions.ExceptionTest" time="0.001"/>
</testsuite>